[2025-05-18T17:45:24.177+0000] {processor.py:161} INFO - Started process (PID=164) to work on /opt/airflow/dags/pipeline_dag.py
[2025-05-18T17:45:24.178+0000] {processor.py:830} INFO - Processing file /opt/airflow/dags/pipeline_dag.py for tasks to queue
[2025-05-18T17:45:24.181+0000] {logging_mixin.py:188} INFO - [2025-05-18T17:45:24.181+0000] {dagbag.py:545} INFO - Filling up the DagBag from /opt/airflow/dags/pipeline_dag.py
[2025-05-18T17:45:24.216+0000] {processor.py:840} INFO - DAG(s) 'hello_ramon_airflow' retrieved from /opt/airflow/dags/pipeline_dag.py
[2025-05-18T17:45:24.481+0000] {logging_mixin.py:188} INFO - [2025-05-18T17:45:24.481+0000] {override.py:1829} INFO - Created Permission View: can edit on DAG:hello_ramon_airflow
[2025-05-18T17:45:24.494+0000] {logging_mixin.py:188} INFO - [2025-05-18T17:45:24.494+0000] {override.py:1829} INFO - Created Permission View: can read on DAG:hello_ramon_airflow
[2025-05-18T17:45:24.502+0000] {logging_mixin.py:188} INFO - [2025-05-18T17:45:24.502+0000] {override.py:1829} INFO - Created Permission View: can delete on DAG:hello_ramon_airflow
[2025-05-18T17:45:24.503+0000] {logging_mixin.py:188} INFO - [2025-05-18T17:45:24.503+0000] {dag.py:3096} INFO - Sync 1 DAGs
[2025-05-18T17:45:24.517+0000] {logging_mixin.py:188} INFO - [2025-05-18T17:45:24.516+0000] {dag.py:3118} INFO - Creating ORM DAG for hello_ramon_airflow
[2025-05-18T17:45:24.518+0000] {logging_mixin.py:188} INFO - [2025-05-18T17:45:24.518+0000] {dag.py:3954} INFO - Setting next_dagrun for hello_ramon_airflow to None, run_after=None
[2025-05-18T17:45:24.541+0000] {processor.py:183} INFO - Processing /opt/airflow/dags/pipeline_dag.py took 0.372 seconds
[2025-05-18T17:45:54.722+0000] {processor.py:161} INFO - Started process (PID=169) to work on /opt/airflow/dags/pipeline_dag.py
[2025-05-18T17:45:54.723+0000] {processor.py:830} INFO - Processing file /opt/airflow/dags/pipeline_dag.py for tasks to queue
[2025-05-18T17:45:54.725+0000] {logging_mixin.py:188} INFO - [2025-05-18T17:45:54.725+0000] {dagbag.py:545} INFO - Filling up the DagBag from /opt/airflow/dags/pipeline_dag.py
[2025-05-18T17:45:54.745+0000] {processor.py:840} INFO - DAG(s) 'hello_ramon_airflow' retrieved from /opt/airflow/dags/pipeline_dag.py
[2025-05-18T17:45:54.772+0000] {logging_mixin.py:188} INFO - [2025-05-18T17:45:54.772+0000] {dag.py:3096} INFO - Sync 1 DAGs
[2025-05-18T17:45:54.787+0000] {logging_mixin.py:188} INFO - [2025-05-18T17:45:54.786+0000] {dag.py:3954} INFO - Setting next_dagrun for hello_ramon_airflow to None, run_after=None
[2025-05-18T17:45:54.812+0000] {processor.py:183} INFO - Processing /opt/airflow/dags/pipeline_dag.py took 0.096 seconds
[2025-05-18T17:46:24.896+0000] {processor.py:161} INFO - Started process (PID=174) to work on /opt/airflow/dags/pipeline_dag.py
[2025-05-18T17:46:24.897+0000] {processor.py:830} INFO - Processing file /opt/airflow/dags/pipeline_dag.py for tasks to queue
[2025-05-18T17:46:24.899+0000] {logging_mixin.py:188} INFO - [2025-05-18T17:46:24.898+0000] {dagbag.py:545} INFO - Filling up the DagBag from /opt/airflow/dags/pipeline_dag.py
[2025-05-18T17:46:24.916+0000] {processor.py:840} INFO - DAG(s) 'hello_ramon_airflow' retrieved from /opt/airflow/dags/pipeline_dag.py
[2025-05-18T17:46:24.944+0000] {logging_mixin.py:188} INFO - [2025-05-18T17:46:24.944+0000] {dag.py:3096} INFO - Sync 1 DAGs
[2025-05-18T17:46:24.958+0000] {logging_mixin.py:188} INFO - [2025-05-18T17:46:24.958+0000] {dag.py:3954} INFO - Setting next_dagrun for hello_ramon_airflow to None, run_after=None
[2025-05-18T17:46:24.981+0000] {processor.py:183} INFO - Processing /opt/airflow/dags/pipeline_dag.py took 0.092 seconds
[2025-05-18T17:46:55.149+0000] {processor.py:161} INFO - Started process (PID=179) to work on /opt/airflow/dags/pipeline_dag.py
[2025-05-18T17:46:55.150+0000] {processor.py:830} INFO - Processing file /opt/airflow/dags/pipeline_dag.py for tasks to queue
[2025-05-18T17:46:55.152+0000] {logging_mixin.py:188} INFO - [2025-05-18T17:46:55.152+0000] {dagbag.py:545} INFO - Filling up the DagBag from /opt/airflow/dags/pipeline_dag.py
[2025-05-18T17:46:55.173+0000] {processor.py:840} INFO - DAG(s) 'hello_ramon_airflow' retrieved from /opt/airflow/dags/pipeline_dag.py
[2025-05-18T17:46:55.202+0000] {logging_mixin.py:188} INFO - [2025-05-18T17:46:55.202+0000] {dag.py:3096} INFO - Sync 1 DAGs
[2025-05-18T17:46:55.217+0000] {logging_mixin.py:188} INFO - [2025-05-18T17:46:55.217+0000] {dag.py:3954} INFO - Setting next_dagrun for hello_ramon_airflow to None, run_after=None
[2025-05-18T17:46:55.243+0000] {processor.py:183} INFO - Processing /opt/airflow/dags/pipeline_dag.py took 0.101 seconds
[2025-05-18T17:47:25.329+0000] {processor.py:161} INFO - Started process (PID=184) to work on /opt/airflow/dags/pipeline_dag.py
[2025-05-18T17:47:25.330+0000] {processor.py:830} INFO - Processing file /opt/airflow/dags/pipeline_dag.py for tasks to queue
[2025-05-18T17:47:25.332+0000] {logging_mixin.py:188} INFO - [2025-05-18T17:47:25.332+0000] {dagbag.py:545} INFO - Filling up the DagBag from /opt/airflow/dags/pipeline_dag.py
[2025-05-18T17:47:25.352+0000] {processor.py:840} INFO - DAG(s) 'hello_ramon_airflow' retrieved from /opt/airflow/dags/pipeline_dag.py
[2025-05-18T17:47:25.380+0000] {logging_mixin.py:188} INFO - [2025-05-18T17:47:25.380+0000] {dag.py:3096} INFO - Sync 1 DAGs
[2025-05-18T17:47:25.395+0000] {logging_mixin.py:188} INFO - [2025-05-18T17:47:25.395+0000] {dag.py:3954} INFO - Setting next_dagrun for hello_ramon_airflow to None, run_after=None
[2025-05-18T17:47:25.418+0000] {processor.py:183} INFO - Processing /opt/airflow/dags/pipeline_dag.py took 0.097 seconds
[2025-05-18T17:47:55.601+0000] {processor.py:161} INFO - Started process (PID=189) to work on /opt/airflow/dags/pipeline_dag.py
[2025-05-18T17:47:55.602+0000] {processor.py:830} INFO - Processing file /opt/airflow/dags/pipeline_dag.py for tasks to queue
[2025-05-18T17:47:55.604+0000] {logging_mixin.py:188} INFO - [2025-05-18T17:47:55.604+0000] {dagbag.py:545} INFO - Filling up the DagBag from /opt/airflow/dags/pipeline_dag.py
[2025-05-18T17:47:55.622+0000] {processor.py:840} INFO - DAG(s) 'hello_ramon_airflow' retrieved from /opt/airflow/dags/pipeline_dag.py
[2025-05-18T17:47:55.650+0000] {logging_mixin.py:188} INFO - [2025-05-18T17:47:55.650+0000] {dag.py:3096} INFO - Sync 1 DAGs
[2025-05-18T17:47:55.665+0000] {logging_mixin.py:188} INFO - [2025-05-18T17:47:55.665+0000] {dag.py:3954} INFO - Setting next_dagrun for hello_ramon_airflow to None, run_after=None
[2025-05-18T17:47:55.689+0000] {processor.py:183} INFO - Processing /opt/airflow/dags/pipeline_dag.py took 0.094 seconds
[2025-05-18T17:48:25.772+0000] {processor.py:161} INFO - Started process (PID=194) to work on /opt/airflow/dags/pipeline_dag.py
[2025-05-18T17:48:25.773+0000] {processor.py:830} INFO - Processing file /opt/airflow/dags/pipeline_dag.py for tasks to queue
[2025-05-18T17:48:25.775+0000] {logging_mixin.py:188} INFO - [2025-05-18T17:48:25.775+0000] {dagbag.py:545} INFO - Filling up the DagBag from /opt/airflow/dags/pipeline_dag.py
[2025-05-18T17:48:25.794+0000] {processor.py:840} INFO - DAG(s) 'hello_ramon_airflow' retrieved from /opt/airflow/dags/pipeline_dag.py
[2025-05-18T17:48:25.821+0000] {logging_mixin.py:188} INFO - [2025-05-18T17:48:25.821+0000] {dag.py:3096} INFO - Sync 1 DAGs
[2025-05-18T17:48:25.835+0000] {logging_mixin.py:188} INFO - [2025-05-18T17:48:25.835+0000] {dag.py:3954} INFO - Setting next_dagrun for hello_ramon_airflow to None, run_after=None
[2025-05-18T17:48:25.858+0000] {processor.py:183} INFO - Processing /opt/airflow/dags/pipeline_dag.py took 0.093 seconds
[2025-05-18T17:48:56.025+0000] {processor.py:161} INFO - Started process (PID=199) to work on /opt/airflow/dags/pipeline_dag.py
[2025-05-18T17:48:56.026+0000] {processor.py:830} INFO - Processing file /opt/airflow/dags/pipeline_dag.py for tasks to queue
[2025-05-18T17:48:56.029+0000] {logging_mixin.py:188} INFO - [2025-05-18T17:48:56.029+0000] {dagbag.py:545} INFO - Filling up the DagBag from /opt/airflow/dags/pipeline_dag.py
[2025-05-18T17:48:56.047+0000] {processor.py:840} INFO - DAG(s) 'hello_ramon_airflow' retrieved from /opt/airflow/dags/pipeline_dag.py
[2025-05-18T17:48:56.074+0000] {logging_mixin.py:188} INFO - [2025-05-18T17:48:56.074+0000] {dag.py:3096} INFO - Sync 1 DAGs
[2025-05-18T17:48:56.088+0000] {logging_mixin.py:188} INFO - [2025-05-18T17:48:56.088+0000] {dag.py:3954} INFO - Setting next_dagrun for hello_ramon_airflow to None, run_after=None
[2025-05-18T17:48:56.111+0000] {processor.py:183} INFO - Processing /opt/airflow/dags/pipeline_dag.py took 0.092 seconds
[2025-05-18T17:49:26.210+0000] {processor.py:161} INFO - Started process (PID=204) to work on /opt/airflow/dags/pipeline_dag.py
[2025-05-18T17:49:26.212+0000] {processor.py:830} INFO - Processing file /opt/airflow/dags/pipeline_dag.py for tasks to queue
[2025-05-18T17:49:26.214+0000] {logging_mixin.py:188} INFO - [2025-05-18T17:49:26.214+0000] {dagbag.py:545} INFO - Filling up the DagBag from /opt/airflow/dags/pipeline_dag.py
[2025-05-18T17:49:26.234+0000] {processor.py:840} INFO - DAG(s) 'hello_ramon_airflow' retrieved from /opt/airflow/dags/pipeline_dag.py
[2025-05-18T17:49:26.265+0000] {logging_mixin.py:188} INFO - [2025-05-18T17:49:26.265+0000] {dag.py:3096} INFO - Sync 1 DAGs
[2025-05-18T17:49:26.281+0000] {logging_mixin.py:188} INFO - [2025-05-18T17:49:26.280+0000] {dag.py:3954} INFO - Setting next_dagrun for hello_ramon_airflow to None, run_after=None
[2025-05-18T17:49:26.312+0000] {processor.py:183} INFO - Processing /opt/airflow/dags/pipeline_dag.py took 0.109 seconds
[2025-05-18T17:49:56.450+0000] {processor.py:161} INFO - Started process (PID=209) to work on /opt/airflow/dags/pipeline_dag.py
[2025-05-18T17:49:56.452+0000] {processor.py:830} INFO - Processing file /opt/airflow/dags/pipeline_dag.py for tasks to queue
[2025-05-18T17:49:56.456+0000] {logging_mixin.py:188} INFO - [2025-05-18T17:49:56.455+0000] {dagbag.py:545} INFO - Filling up the DagBag from /opt/airflow/dags/pipeline_dag.py
[2025-05-18T17:49:56.479+0000] {processor.py:840} INFO - DAG(s) 'hello_ramon_airflow' retrieved from /opt/airflow/dags/pipeline_dag.py
[2025-05-18T17:49:56.519+0000] {logging_mixin.py:188} INFO - [2025-05-18T17:49:56.519+0000] {dag.py:3096} INFO - Sync 1 DAGs
[2025-05-18T17:49:56.536+0000] {logging_mixin.py:188} INFO - [2025-05-18T17:49:56.536+0000] {dag.py:3954} INFO - Setting next_dagrun for hello_ramon_airflow to None, run_after=None
[2025-05-18T17:49:56.578+0000] {processor.py:183} INFO - Processing /opt/airflow/dags/pipeline_dag.py took 0.138 seconds
[2025-05-18T17:50:26.654+0000] {processor.py:161} INFO - Started process (PID=216) to work on /opt/airflow/dags/pipeline_dag.py
[2025-05-18T17:50:26.655+0000] {processor.py:830} INFO - Processing file /opt/airflow/dags/pipeline_dag.py for tasks to queue
[2025-05-18T17:50:26.657+0000] {logging_mixin.py:188} INFO - [2025-05-18T17:50:26.657+0000] {dagbag.py:545} INFO - Filling up the DagBag from /opt/airflow/dags/pipeline_dag.py
[2025-05-18T17:50:26.678+0000] {processor.py:840} INFO - DAG(s) 'hello_ramon_airflow' retrieved from /opt/airflow/dags/pipeline_dag.py
[2025-05-18T17:50:26.705+0000] {logging_mixin.py:188} INFO - [2025-05-18T17:50:26.705+0000] {dag.py:3096} INFO - Sync 1 DAGs
[2025-05-18T17:50:26.719+0000] {logging_mixin.py:188} INFO - [2025-05-18T17:50:26.719+0000] {dag.py:3954} INFO - Setting next_dagrun for hello_ramon_airflow to None, run_after=None
[2025-05-18T17:50:26.742+0000] {processor.py:183} INFO - Processing /opt/airflow/dags/pipeline_dag.py took 0.095 seconds
[2025-05-18T17:50:56.906+0000] {processor.py:161} INFO - Started process (PID=221) to work on /opt/airflow/dags/pipeline_dag.py
[2025-05-18T17:50:56.907+0000] {processor.py:830} INFO - Processing file /opt/airflow/dags/pipeline_dag.py for tasks to queue
[2025-05-18T17:50:56.909+0000] {logging_mixin.py:188} INFO - [2025-05-18T17:50:56.909+0000] {dagbag.py:545} INFO - Filling up the DagBag from /opt/airflow/dags/pipeline_dag.py
[2025-05-18T17:50:56.925+0000] {processor.py:840} INFO - DAG(s) 'hello_ramon_airflow' retrieved from /opt/airflow/dags/pipeline_dag.py
[2025-05-18T17:50:56.960+0000] {logging_mixin.py:188} INFO - [2025-05-18T17:50:56.959+0000] {dag.py:3096} INFO - Sync 1 DAGs
[2025-05-18T17:50:56.975+0000] {logging_mixin.py:188} INFO - [2025-05-18T17:50:56.975+0000] {dag.py:3954} INFO - Setting next_dagrun for hello_ramon_airflow to None, run_after=None
[2025-05-18T17:50:56.998+0000] {processor.py:183} INFO - Processing /opt/airflow/dags/pipeline_dag.py took 0.100 seconds
[2025-05-18T17:51:00.066+0000] {processor.py:161} INFO - Started process (PID=226) to work on /opt/airflow/dags/pipeline_dag.py
[2025-05-18T17:51:00.067+0000] {processor.py:830} INFO - Processing file /opt/airflow/dags/pipeline_dag.py for tasks to queue
[2025-05-18T17:51:00.069+0000] {logging_mixin.py:188} INFO - [2025-05-18T17:51:00.068+0000] {dagbag.py:545} INFO - Filling up the DagBag from /opt/airflow/dags/pipeline_dag.py
[2025-05-18T17:51:00.098+0000] {processor.py:840} INFO - DAG(s) 'f1ramon_airflow' retrieved from /opt/airflow/dags/pipeline_dag.py
[2025-05-18T17:51:00.219+0000] {logging_mixin.py:188} INFO - [2025-05-18T17:51:00.218+0000] {override.py:1829} INFO - Created Permission View: can edit on DAG:f1ramon_airflow
[2025-05-18T17:51:00.231+0000] {logging_mixin.py:188} INFO - [2025-05-18T17:51:00.230+0000] {override.py:1829} INFO - Created Permission View: can read on DAG:f1ramon_airflow
[2025-05-18T17:51:00.239+0000] {logging_mixin.py:188} INFO - [2025-05-18T17:51:00.239+0000] {override.py:1829} INFO - Created Permission View: can delete on DAG:f1ramon_airflow
[2025-05-18T17:51:00.240+0000] {logging_mixin.py:188} INFO - [2025-05-18T17:51:00.240+0000] {dag.py:3096} INFO - Sync 1 DAGs
[2025-05-18T17:51:00.254+0000] {logging_mixin.py:188} INFO - [2025-05-18T17:51:00.253+0000] {dag.py:3118} INFO - Creating ORM DAG for f1ramon_airflow
[2025-05-18T17:51:00.255+0000] {logging_mixin.py:188} INFO - [2025-05-18T17:51:00.254+0000] {dag.py:3954} INFO - Setting next_dagrun for f1ramon_airflow to None, run_after=None
[2025-05-18T17:51:00.276+0000] {processor.py:183} INFO - Processing /opt/airflow/dags/pipeline_dag.py took 0.217 seconds
[2025-05-18T17:51:05.109+0000] {processor.py:161} INFO - Started process (PID=231) to work on /opt/airflow/dags/pipeline_dag.py
[2025-05-18T17:51:05.111+0000] {processor.py:830} INFO - Processing file /opt/airflow/dags/pipeline_dag.py for tasks to queue
[2025-05-18T17:51:05.113+0000] {logging_mixin.py:188} INFO - [2025-05-18T17:51:05.112+0000] {dagbag.py:545} INFO - Filling up the DagBag from /opt/airflow/dags/pipeline_dag.py
[2025-05-18T17:51:05.139+0000] {processor.py:840} INFO - DAG(s) 'f1_ramon_airflow' retrieved from /opt/airflow/dags/pipeline_dag.py
[2025-05-18T17:51:05.264+0000] {logging_mixin.py:188} INFO - [2025-05-18T17:51:05.263+0000] {override.py:1829} INFO - Created Permission View: can edit on DAG:f1_ramon_airflow
[2025-05-18T17:51:05.275+0000] {logging_mixin.py:188} INFO - [2025-05-18T17:51:05.275+0000] {override.py:1829} INFO - Created Permission View: can read on DAG:f1_ramon_airflow
[2025-05-18T17:51:05.283+0000] {logging_mixin.py:188} INFO - [2025-05-18T17:51:05.283+0000] {override.py:1829} INFO - Created Permission View: can delete on DAG:f1_ramon_airflow
[2025-05-18T17:51:05.285+0000] {logging_mixin.py:188} INFO - [2025-05-18T17:51:05.284+0000] {dag.py:3096} INFO - Sync 1 DAGs
[2025-05-18T17:51:05.297+0000] {logging_mixin.py:188} INFO - [2025-05-18T17:51:05.297+0000] {dag.py:3118} INFO - Creating ORM DAG for f1_ramon_airflow
[2025-05-18T17:51:05.299+0000] {logging_mixin.py:188} INFO - [2025-05-18T17:51:05.298+0000] {dag.py:3954} INFO - Setting next_dagrun for f1_ramon_airflow to None, run_after=None
[2025-05-18T17:51:05.321+0000] {processor.py:183} INFO - Processing /opt/airflow/dags/pipeline_dag.py took 0.218 seconds
[2025-05-18T17:51:14.401+0000] {processor.py:161} INFO - Started process (PID=236) to work on /opt/airflow/dags/pipeline_dag.py
[2025-05-18T17:51:14.402+0000] {processor.py:830} INFO - Processing file /opt/airflow/dags/pipeline_dag.py for tasks to queue
[2025-05-18T17:51:14.404+0000] {logging_mixin.py:188} INFO - [2025-05-18T17:51:14.404+0000] {dagbag.py:545} INFO - Filling up the DagBag from /opt/airflow/dags/pipeline_dag.py
[2025-05-18T17:51:14.431+0000] {processor.py:840} INFO - DAG(s) 'f1_DataEngineern_airflow' retrieved from /opt/airflow/dags/pipeline_dag.py
[2025-05-18T17:51:14.554+0000] {logging_mixin.py:188} INFO - [2025-05-18T17:51:14.553+0000] {override.py:1829} INFO - Created Permission View: can edit on DAG:f1_DataEngineern_airflow
[2025-05-18T17:51:14.566+0000] {logging_mixin.py:188} INFO - [2025-05-18T17:51:14.565+0000] {override.py:1829} INFO - Created Permission View: can read on DAG:f1_DataEngineern_airflow
[2025-05-18T17:51:14.574+0000] {logging_mixin.py:188} INFO - [2025-05-18T17:51:14.573+0000] {override.py:1829} INFO - Created Permission View: can delete on DAG:f1_DataEngineern_airflow
[2025-05-18T17:51:14.575+0000] {logging_mixin.py:188} INFO - [2025-05-18T17:51:14.574+0000] {dag.py:3096} INFO - Sync 1 DAGs
[2025-05-18T17:51:14.586+0000] {logging_mixin.py:188} INFO - [2025-05-18T17:51:14.586+0000] {dag.py:3118} INFO - Creating ORM DAG for f1_DataEngineern_airflow
[2025-05-18T17:51:14.588+0000] {logging_mixin.py:188} INFO - [2025-05-18T17:51:14.588+0000] {dag.py:3954} INFO - Setting next_dagrun for f1_DataEngineern_airflow to None, run_after=None
[2025-05-18T17:51:14.613+0000] {processor.py:183} INFO - Processing /opt/airflow/dags/pipeline_dag.py took 0.218 seconds
[2025-05-18T17:51:15.672+0000] {processor.py:161} INFO - Started process (PID=241) to work on /opt/airflow/dags/pipeline_dag.py
[2025-05-18T17:51:15.673+0000] {processor.py:830} INFO - Processing file /opt/airflow/dags/pipeline_dag.py for tasks to queue
[2025-05-18T17:51:15.675+0000] {logging_mixin.py:188} INFO - [2025-05-18T17:51:15.675+0000] {dagbag.py:545} INFO - Filling up the DagBag from /opt/airflow/dags/pipeline_dag.py
[2025-05-18T17:51:15.708+0000] {processor.py:840} INFO - DAG(s) 'f1_DataEngineer_airflow' retrieved from /opt/airflow/dags/pipeline_dag.py
[2025-05-18T17:51:15.840+0000] {logging_mixin.py:188} INFO - [2025-05-18T17:51:15.840+0000] {override.py:1829} INFO - Created Permission View: can edit on DAG:f1_DataEngineer_airflow
[2025-05-18T17:51:15.853+0000] {logging_mixin.py:188} INFO - [2025-05-18T17:51:15.853+0000] {override.py:1829} INFO - Created Permission View: can read on DAG:f1_DataEngineer_airflow
[2025-05-18T17:51:15.862+0000] {logging_mixin.py:188} INFO - [2025-05-18T17:51:15.862+0000] {override.py:1829} INFO - Created Permission View: can delete on DAG:f1_DataEngineer_airflow
[2025-05-18T17:51:15.863+0000] {logging_mixin.py:188} INFO - [2025-05-18T17:51:15.863+0000] {dag.py:3096} INFO - Sync 1 DAGs
[2025-05-18T17:51:15.878+0000] {logging_mixin.py:188} INFO - [2025-05-18T17:51:15.878+0000] {dag.py:3118} INFO - Creating ORM DAG for f1_DataEngineer_airflow
[2025-05-18T17:51:15.879+0000] {logging_mixin.py:188} INFO - [2025-05-18T17:51:15.879+0000] {dag.py:3954} INFO - Setting next_dagrun for f1_DataEngineer_airflow to None, run_after=None
[2025-05-18T17:51:15.905+0000] {processor.py:183} INFO - Processing /opt/airflow/dags/pipeline_dag.py took 0.242 seconds
[2025-05-18T17:51:46.078+0000] {processor.py:161} INFO - Started process (PID=246) to work on /opt/airflow/dags/pipeline_dag.py
[2025-05-18T17:51:46.079+0000] {processor.py:830} INFO - Processing file /opt/airflow/dags/pipeline_dag.py for tasks to queue
[2025-05-18T17:51:46.081+0000] {logging_mixin.py:188} INFO - [2025-05-18T17:51:46.081+0000] {dagbag.py:545} INFO - Filling up the DagBag from /opt/airflow/dags/pipeline_dag.py
[2025-05-18T17:51:46.103+0000] {processor.py:840} INFO - DAG(s) 'f1_DataEngineer_airflow' retrieved from /opt/airflow/dags/pipeline_dag.py
[2025-05-18T17:51:46.132+0000] {logging_mixin.py:188} INFO - [2025-05-18T17:51:46.132+0000] {dag.py:3096} INFO - Sync 1 DAGs
[2025-05-18T17:51:46.148+0000] {logging_mixin.py:188} INFO - [2025-05-18T17:51:46.148+0000] {dag.py:3954} INFO - Setting next_dagrun for f1_DataEngineer_airflow to None, run_after=None
[2025-05-18T17:51:46.173+0000] {processor.py:183} INFO - Processing /opt/airflow/dags/pipeline_dag.py took 0.102 seconds
[2025-05-18T17:52:16.251+0000] {processor.py:161} INFO - Started process (PID=253) to work on /opt/airflow/dags/pipeline_dag.py
[2025-05-18T17:52:16.253+0000] {processor.py:830} INFO - Processing file /opt/airflow/dags/pipeline_dag.py for tasks to queue
[2025-05-18T17:52:16.255+0000] {logging_mixin.py:188} INFO - [2025-05-18T17:52:16.255+0000] {dagbag.py:545} INFO - Filling up the DagBag from /opt/airflow/dags/pipeline_dag.py
[2025-05-18T17:52:16.275+0000] {processor.py:840} INFO - DAG(s) 'f1_DataEngineer_airflow' retrieved from /opt/airflow/dags/pipeline_dag.py
[2025-05-18T17:52:16.306+0000] {logging_mixin.py:188} INFO - [2025-05-18T17:52:16.306+0000] {dag.py:3096} INFO - Sync 1 DAGs
[2025-05-18T17:52:16.322+0000] {logging_mixin.py:188} INFO - [2025-05-18T17:52:16.321+0000] {dag.py:3954} INFO - Setting next_dagrun for f1_DataEngineer_airflow to None, run_after=None
[2025-05-18T17:52:16.344+0000] {processor.py:183} INFO - Processing /opt/airflow/dags/pipeline_dag.py took 0.099 seconds
[2025-05-18T17:52:46.540+0000] {processor.py:161} INFO - Started process (PID=258) to work on /opt/airflow/dags/pipeline_dag.py
[2025-05-18T17:52:46.542+0000] {processor.py:830} INFO - Processing file /opt/airflow/dags/pipeline_dag.py for tasks to queue
[2025-05-18T17:52:46.543+0000] {logging_mixin.py:188} INFO - [2025-05-18T17:52:46.543+0000] {dagbag.py:545} INFO - Filling up the DagBag from /opt/airflow/dags/pipeline_dag.py
[2025-05-18T17:52:46.569+0000] {processor.py:840} INFO - DAG(s) 'f1_DataEngineer_airflow' retrieved from /opt/airflow/dags/pipeline_dag.py
[2025-05-18T17:52:46.609+0000] {logging_mixin.py:188} INFO - [2025-05-18T17:52:46.608+0000] {dag.py:3096} INFO - Sync 1 DAGs
[2025-05-18T17:52:46.633+0000] {logging_mixin.py:188} INFO - [2025-05-18T17:52:46.633+0000] {dag.py:3954} INFO - Setting next_dagrun for f1_DataEngineer_airflow to None, run_after=None
[2025-05-18T17:52:46.654+0000] {processor.py:183} INFO - Processing /opt/airflow/dags/pipeline_dag.py took 0.121 seconds
[2025-05-18T17:53:16.716+0000] {processor.py:161} INFO - Started process (PID=263) to work on /opt/airflow/dags/pipeline_dag.py
[2025-05-18T17:53:16.717+0000] {processor.py:830} INFO - Processing file /opt/airflow/dags/pipeline_dag.py for tasks to queue
[2025-05-18T17:53:16.718+0000] {logging_mixin.py:188} INFO - [2025-05-18T17:53:16.718+0000] {dagbag.py:545} INFO - Filling up the DagBag from /opt/airflow/dags/pipeline_dag.py
[2025-05-18T17:53:16.737+0000] {processor.py:840} INFO - DAG(s) 'f1_DataEngineer_airflow' retrieved from /opt/airflow/dags/pipeline_dag.py
[2025-05-18T17:53:16.765+0000] {logging_mixin.py:188} INFO - [2025-05-18T17:53:16.765+0000] {dag.py:3096} INFO - Sync 1 DAGs
[2025-05-18T17:53:16.779+0000] {logging_mixin.py:188} INFO - [2025-05-18T17:53:16.779+0000] {dag.py:3954} INFO - Setting next_dagrun for f1_DataEngineer_airflow to None, run_after=None
[2025-05-18T17:53:16.801+0000] {processor.py:183} INFO - Processing /opt/airflow/dags/pipeline_dag.py took 0.093 seconds
[2025-05-18T17:53:26.915+0000] {processor.py:161} INFO - Started process (PID=268) to work on /opt/airflow/dags/pipeline_dag.py
[2025-05-18T17:53:26.916+0000] {processor.py:830} INFO - Processing file /opt/airflow/dags/pipeline_dag.py for tasks to queue
[2025-05-18T17:53:26.917+0000] {logging_mixin.py:188} INFO - [2025-05-18T17:53:26.917+0000] {dagbag.py:545} INFO - Filling up the DagBag from /opt/airflow/dags/pipeline_dag.py
[2025-05-18T17:53:26.949+0000] {processor.py:840} INFO - DAG(s) 'f1_DataEngineer_airflow' retrieved from /opt/airflow/dags/pipeline_dag.py
[2025-05-18T17:53:27.092+0000] {logging_mixin.py:188} INFO - [2025-05-18T17:53:27.091+0000] {dag.py:3096} INFO - Sync 1 DAGs
[2025-05-18T17:53:27.120+0000] {logging_mixin.py:188} INFO - [2025-05-18T17:53:27.119+0000] {dag.py:3954} INFO - Setting next_dagrun for f1_DataEngineer_airflow to 2025-05-17 00:00:00+00:00, run_after=2025-05-18 00:00:00+00:00
[2025-05-18T17:53:27.151+0000] {processor.py:183} INFO - Processing /opt/airflow/dags/pipeline_dag.py took 0.245 seconds
[2025-05-18T17:53:57.333+0000] {processor.py:161} INFO - Started process (PID=275) to work on /opt/airflow/dags/pipeline_dag.py
[2025-05-18T17:53:57.334+0000] {processor.py:830} INFO - Processing file /opt/airflow/dags/pipeline_dag.py for tasks to queue
[2025-05-18T17:53:57.335+0000] {logging_mixin.py:188} INFO - [2025-05-18T17:53:57.335+0000] {dagbag.py:545} INFO - Filling up the DagBag from /opt/airflow/dags/pipeline_dag.py
[2025-05-18T17:53:57.357+0000] {processor.py:840} INFO - DAG(s) 'f1_DataEngineer_airflow' retrieved from /opt/airflow/dags/pipeline_dag.py
[2025-05-18T17:53:57.385+0000] {logging_mixin.py:188} INFO - [2025-05-18T17:53:57.385+0000] {dag.py:3096} INFO - Sync 1 DAGs
[2025-05-18T17:53:57.411+0000] {logging_mixin.py:188} INFO - [2025-05-18T17:53:57.410+0000] {dag.py:3954} INFO - Setting next_dagrun for f1_DataEngineer_airflow to 2025-05-18 00:00:00+00:00, run_after=2025-05-19 00:00:00+00:00
[2025-05-18T17:53:57.433+0000] {processor.py:183} INFO - Processing /opt/airflow/dags/pipeline_dag.py took 0.106 seconds
[2025-05-18T17:54:27.507+0000] {processor.py:161} INFO - Started process (PID=280) to work on /opt/airflow/dags/pipeline_dag.py
[2025-05-18T17:54:27.508+0000] {processor.py:830} INFO - Processing file /opt/airflow/dags/pipeline_dag.py for tasks to queue
[2025-05-18T17:54:27.509+0000] {logging_mixin.py:188} INFO - [2025-05-18T17:54:27.509+0000] {dagbag.py:545} INFO - Filling up the DagBag from /opt/airflow/dags/pipeline_dag.py
[2025-05-18T17:54:27.538+0000] {processor.py:840} INFO - DAG(s) 'f1_DataEngineer_airflow' retrieved from /opt/airflow/dags/pipeline_dag.py
[2025-05-18T17:54:27.568+0000] {logging_mixin.py:188} INFO - [2025-05-18T17:54:27.568+0000] {dag.py:3096} INFO - Sync 1 DAGs
[2025-05-18T17:54:27.598+0000] {logging_mixin.py:188} INFO - [2025-05-18T17:54:27.598+0000] {dag.py:3954} INFO - Setting next_dagrun for f1_DataEngineer_airflow to 2025-05-18 00:00:00+00:00, run_after=2025-05-19 00:00:00+00:00
[2025-05-18T17:54:27.621+0000] {processor.py:183} INFO - Processing /opt/airflow/dags/pipeline_dag.py took 0.121 seconds
[2025-05-18T17:54:57.803+0000] {processor.py:161} INFO - Started process (PID=285) to work on /opt/airflow/dags/pipeline_dag.py
[2025-05-18T17:54:57.804+0000] {processor.py:830} INFO - Processing file /opt/airflow/dags/pipeline_dag.py for tasks to queue
[2025-05-18T17:54:57.806+0000] {logging_mixin.py:188} INFO - [2025-05-18T17:54:57.805+0000] {dagbag.py:545} INFO - Filling up the DagBag from /opt/airflow/dags/pipeline_dag.py
[2025-05-18T17:54:57.829+0000] {processor.py:840} INFO - DAG(s) 'f1_DataEngineer_airflow' retrieved from /opt/airflow/dags/pipeline_dag.py
[2025-05-18T17:54:57.856+0000] {logging_mixin.py:188} INFO - [2025-05-18T17:54:57.856+0000] {dag.py:3096} INFO - Sync 1 DAGs
[2025-05-18T17:54:57.884+0000] {logging_mixin.py:188} INFO - [2025-05-18T17:54:57.884+0000] {dag.py:3954} INFO - Setting next_dagrun for f1_DataEngineer_airflow to 2025-05-18 00:00:00+00:00, run_after=2025-05-19 00:00:00+00:00
[2025-05-18T17:54:57.906+0000] {processor.py:183} INFO - Processing /opt/airflow/dags/pipeline_dag.py took 0.109 seconds
[2025-05-18T17:55:28.016+0000] {processor.py:161} INFO - Started process (PID=290) to work on /opt/airflow/dags/pipeline_dag.py
[2025-05-18T17:55:28.018+0000] {processor.py:830} INFO - Processing file /opt/airflow/dags/pipeline_dag.py for tasks to queue
[2025-05-18T17:55:28.019+0000] {logging_mixin.py:188} INFO - [2025-05-18T17:55:28.019+0000] {dagbag.py:545} INFO - Filling up the DagBag from /opt/airflow/dags/pipeline_dag.py
[2025-05-18T17:55:28.043+0000] {processor.py:840} INFO - DAG(s) 'f1_DataEngineer_airflow' retrieved from /opt/airflow/dags/pipeline_dag.py
[2025-05-18T17:55:28.072+0000] {logging_mixin.py:188} INFO - [2025-05-18T17:55:28.071+0000] {dag.py:3096} INFO - Sync 1 DAGs
[2025-05-18T17:55:28.098+0000] {logging_mixin.py:188} INFO - [2025-05-18T17:55:28.098+0000] {dag.py:3954} INFO - Setting next_dagrun for f1_DataEngineer_airflow to 2025-05-18 00:00:00+00:00, run_after=2025-05-19 00:00:00+00:00
[2025-05-18T17:55:28.120+0000] {processor.py:183} INFO - Processing /opt/airflow/dags/pipeline_dag.py took 0.110 seconds
[2025-05-18T17:55:58.248+0000] {processor.py:161} INFO - Started process (PID=295) to work on /opt/airflow/dags/pipeline_dag.py
[2025-05-18T17:55:58.249+0000] {processor.py:830} INFO - Processing file /opt/airflow/dags/pipeline_dag.py for tasks to queue
[2025-05-18T17:55:58.251+0000] {logging_mixin.py:188} INFO - [2025-05-18T17:55:58.250+0000] {dagbag.py:545} INFO - Filling up the DagBag from /opt/airflow/dags/pipeline_dag.py
[2025-05-18T17:55:58.273+0000] {processor.py:840} INFO - DAG(s) 'f1_DataEngineer_airflow' retrieved from /opt/airflow/dags/pipeline_dag.py
[2025-05-18T17:55:58.299+0000] {logging_mixin.py:188} INFO - [2025-05-18T17:55:58.298+0000] {dag.py:3096} INFO - Sync 1 DAGs
[2025-05-18T17:55:58.326+0000] {logging_mixin.py:188} INFO - [2025-05-18T17:55:58.325+0000] {dag.py:3954} INFO - Setting next_dagrun for f1_DataEngineer_airflow to 2025-05-18 00:00:00+00:00, run_after=2025-05-19 00:00:00+00:00
[2025-05-18T17:55:58.349+0000] {processor.py:183} INFO - Processing /opt/airflow/dags/pipeline_dag.py took 0.107 seconds
[2025-05-18T17:56:28.459+0000] {processor.py:161} INFO - Started process (PID=300) to work on /opt/airflow/dags/pipeline_dag.py
[2025-05-18T17:56:28.460+0000] {processor.py:830} INFO - Processing file /opt/airflow/dags/pipeline_dag.py for tasks to queue
[2025-05-18T17:56:28.462+0000] {logging_mixin.py:188} INFO - [2025-05-18T17:56:28.462+0000] {dagbag.py:545} INFO - Filling up the DagBag from /opt/airflow/dags/pipeline_dag.py
[2025-05-18T17:56:28.485+0000] {processor.py:840} INFO - DAG(s) 'f1_DataEngineer_airflow' retrieved from /opt/airflow/dags/pipeline_dag.py
[2025-05-18T17:56:28.515+0000] {logging_mixin.py:188} INFO - [2025-05-18T17:56:28.514+0000] {dag.py:3096} INFO - Sync 1 DAGs
[2025-05-18T17:56:28.544+0000] {logging_mixin.py:188} INFO - [2025-05-18T17:56:28.544+0000] {dag.py:3954} INFO - Setting next_dagrun for f1_DataEngineer_airflow to 2025-05-18 00:00:00+00:00, run_after=2025-05-19 00:00:00+00:00
[2025-05-18T17:56:28.568+0000] {processor.py:183} INFO - Processing /opt/airflow/dags/pipeline_dag.py took 0.115 seconds
[2025-05-18T17:56:58.693+0000] {processor.py:161} INFO - Started process (PID=305) to work on /opt/airflow/dags/pipeline_dag.py
[2025-05-18T17:56:58.694+0000] {processor.py:830} INFO - Processing file /opt/airflow/dags/pipeline_dag.py for tasks to queue
[2025-05-18T17:56:58.695+0000] {logging_mixin.py:188} INFO - [2025-05-18T17:56:58.695+0000] {dagbag.py:545} INFO - Filling up the DagBag from /opt/airflow/dags/pipeline_dag.py
[2025-05-18T17:56:58.717+0000] {processor.py:840} INFO - DAG(s) 'f1_DataEngineer_airflow' retrieved from /opt/airflow/dags/pipeline_dag.py
[2025-05-18T17:56:58.746+0000] {logging_mixin.py:188} INFO - [2025-05-18T17:56:58.746+0000] {dag.py:3096} INFO - Sync 1 DAGs
[2025-05-18T17:56:58.771+0000] {logging_mixin.py:188} INFO - [2025-05-18T17:56:58.771+0000] {dag.py:3954} INFO - Setting next_dagrun for f1_DataEngineer_airflow to 2025-05-18 00:00:00+00:00, run_after=2025-05-19 00:00:00+00:00
[2025-05-18T17:56:58.794+0000] {processor.py:183} INFO - Processing /opt/airflow/dags/pipeline_dag.py took 0.107 seconds
[2025-05-18T17:57:28.933+0000] {processor.py:161} INFO - Started process (PID=310) to work on /opt/airflow/dags/pipeline_dag.py
[2025-05-18T17:57:28.935+0000] {processor.py:830} INFO - Processing file /opt/airflow/dags/pipeline_dag.py for tasks to queue
[2025-05-18T17:57:28.936+0000] {logging_mixin.py:188} INFO - [2025-05-18T17:57:28.936+0000] {dagbag.py:545} INFO - Filling up the DagBag from /opt/airflow/dags/pipeline_dag.py
[2025-05-18T17:57:28.963+0000] {processor.py:840} INFO - DAG(s) 'f1_DataEngineer_airflow' retrieved from /opt/airflow/dags/pipeline_dag.py
[2025-05-18T17:57:28.994+0000] {logging_mixin.py:188} INFO - [2025-05-18T17:57:28.994+0000] {dag.py:3096} INFO - Sync 1 DAGs
[2025-05-18T17:57:29.021+0000] {logging_mixin.py:188} INFO - [2025-05-18T17:57:29.020+0000] {dag.py:3954} INFO - Setting next_dagrun for f1_DataEngineer_airflow to 2025-05-18 00:00:00+00:00, run_after=2025-05-19 00:00:00+00:00
[2025-05-18T17:57:29.046+0000] {processor.py:183} INFO - Processing /opt/airflow/dags/pipeline_dag.py took 0.118 seconds
[2025-05-18T17:57:59.135+0000] {processor.py:161} INFO - Started process (PID=315) to work on /opt/airflow/dags/pipeline_dag.py
[2025-05-18T17:57:59.136+0000] {processor.py:830} INFO - Processing file /opt/airflow/dags/pipeline_dag.py for tasks to queue
[2025-05-18T17:57:59.137+0000] {logging_mixin.py:188} INFO - [2025-05-18T17:57:59.137+0000] {dagbag.py:545} INFO - Filling up the DagBag from /opt/airflow/dags/pipeline_dag.py
[2025-05-18T17:57:59.165+0000] {processor.py:840} INFO - DAG(s) 'f1_DataEngineer_airflow' retrieved from /opt/airflow/dags/pipeline_dag.py
[2025-05-18T17:57:59.199+0000] {logging_mixin.py:188} INFO - [2025-05-18T17:57:59.198+0000] {dag.py:3096} INFO - Sync 1 DAGs
[2025-05-18T17:57:59.231+0000] {logging_mixin.py:188} INFO - [2025-05-18T17:57:59.231+0000] {dag.py:3954} INFO - Setting next_dagrun for f1_DataEngineer_airflow to 2025-05-18 00:00:00+00:00, run_after=2025-05-19 00:00:00+00:00
[2025-05-18T17:57:59.255+0000] {processor.py:183} INFO - Processing /opt/airflow/dags/pipeline_dag.py took 0.127 seconds
[2025-05-18T17:58:29.379+0000] {processor.py:161} INFO - Started process (PID=320) to work on /opt/airflow/dags/pipeline_dag.py
[2025-05-18T17:58:29.381+0000] {processor.py:830} INFO - Processing file /opt/airflow/dags/pipeline_dag.py for tasks to queue
[2025-05-18T17:58:29.382+0000] {logging_mixin.py:188} INFO - [2025-05-18T17:58:29.382+0000] {dagbag.py:545} INFO - Filling up the DagBag from /opt/airflow/dags/pipeline_dag.py
[2025-05-18T17:58:29.405+0000] {processor.py:840} INFO - DAG(s) 'f1_DataEngineer_airflow' retrieved from /opt/airflow/dags/pipeline_dag.py
[2025-05-18T17:58:29.442+0000] {logging_mixin.py:188} INFO - [2025-05-18T17:58:29.442+0000] {dag.py:3096} INFO - Sync 1 DAGs
[2025-05-18T17:58:29.473+0000] {logging_mixin.py:188} INFO - [2025-05-18T17:58:29.473+0000] {dag.py:3954} INFO - Setting next_dagrun for f1_DataEngineer_airflow to 2025-05-18 00:00:00+00:00, run_after=2025-05-19 00:00:00+00:00
[2025-05-18T17:58:29.496+0000] {processor.py:183} INFO - Processing /opt/airflow/dags/pipeline_dag.py took 0.123 seconds
[2025-05-18T17:58:59.612+0000] {processor.py:161} INFO - Started process (PID=325) to work on /opt/airflow/dags/pipeline_dag.py
[2025-05-18T17:58:59.614+0000] {processor.py:830} INFO - Processing file /opt/airflow/dags/pipeline_dag.py for tasks to queue
[2025-05-18T17:58:59.615+0000] {logging_mixin.py:188} INFO - [2025-05-18T17:58:59.614+0000] {dagbag.py:545} INFO - Filling up the DagBag from /opt/airflow/dags/pipeline_dag.py
[2025-05-18T17:58:59.641+0000] {processor.py:840} INFO - DAG(s) 'f1_DataEngineer_airflow' retrieved from /opt/airflow/dags/pipeline_dag.py
[2025-05-18T17:58:59.667+0000] {logging_mixin.py:188} INFO - [2025-05-18T17:58:59.667+0000] {dag.py:3096} INFO - Sync 1 DAGs
[2025-05-18T17:58:59.692+0000] {logging_mixin.py:188} INFO - [2025-05-18T17:58:59.692+0000] {dag.py:3954} INFO - Setting next_dagrun for f1_DataEngineer_airflow to 2025-05-18 00:00:00+00:00, run_after=2025-05-19 00:00:00+00:00
[2025-05-18T17:58:59.716+0000] {processor.py:183} INFO - Processing /opt/airflow/dags/pipeline_dag.py took 0.110 seconds
[2025-05-18T17:59:29.838+0000] {processor.py:161} INFO - Started process (PID=330) to work on /opt/airflow/dags/pipeline_dag.py
[2025-05-18T17:59:29.839+0000] {processor.py:830} INFO - Processing file /opt/airflow/dags/pipeline_dag.py for tasks to queue
[2025-05-18T17:59:29.841+0000] {logging_mixin.py:188} INFO - [2025-05-18T17:59:29.840+0000] {dagbag.py:545} INFO - Filling up the DagBag from /opt/airflow/dags/pipeline_dag.py
[2025-05-18T17:59:29.863+0000] {processor.py:840} INFO - DAG(s) 'f1_DataEngineer_airflow' retrieved from /opt/airflow/dags/pipeline_dag.py
[2025-05-18T17:59:29.890+0000] {logging_mixin.py:188} INFO - [2025-05-18T17:59:29.890+0000] {dag.py:3096} INFO - Sync 1 DAGs
[2025-05-18T17:59:29.916+0000] {logging_mixin.py:188} INFO - [2025-05-18T17:59:29.915+0000] {dag.py:3954} INFO - Setting next_dagrun for f1_DataEngineer_airflow to 2025-05-18 00:00:00+00:00, run_after=2025-05-19 00:00:00+00:00
[2025-05-18T17:59:29.937+0000] {processor.py:183} INFO - Processing /opt/airflow/dags/pipeline_dag.py took 0.106 seconds
