[2025-05-18T17:50:12.545+0000] {local_task_job_runner.py:120} INFO - ::group::Pre task execution logs
[2025-05-18T17:50:12.589+0000] {taskinstance.py:2076} INFO - Dependencies all met for dep_context=non-requeueable deps ti=<TaskInstance: hello_ramon_airflow.print_hello manual__2025-05-18T17:50:11.745963+00:00 [queued]>
[2025-05-18T17:50:12.600+0000] {taskinstance.py:2076} INFO - Dependencies all met for dep_context=requeueable deps ti=<TaskInstance: hello_ramon_airflow.print_hello manual__2025-05-18T17:50:11.745963+00:00 [queued]>
[2025-05-18T17:50:12.601+0000] {taskinstance.py:2306} INFO - Starting attempt 1 of 1
[2025-05-18T17:50:12.620+0000] {taskinstance.py:2330} INFO - Executing <Task(PythonOperator): print_hello> on 2025-05-18 17:50:11.745963+00:00
[2025-05-18T17:50:12.627+0000] {standard_task_runner.py:90} INFO - Running: ['***', 'tasks', 'run', 'hello_ramon_***', 'print_hello', 'manual__2025-05-18T17:50:11.745963+00:00', '--job-id', '2', '--raw', '--subdir', 'DAGS_FOLDER/pipeline_dag.py', '--cfg-path', '/tmp/tmple_n5p5j']
[2025-05-18T17:50:12.630+0000] {logging_mixin.py:188} WARNING - /home/***/.local/lib/python3.12/site-packages/***/task/task_runner/standard_task_runner.py:61 DeprecationWarning: This process (pid=214) is multi-threaded, use of fork() may lead to deadlocks in the child.
[2025-05-18T17:50:12.631+0000] {standard_task_runner.py:91} INFO - Job 2: Subtask print_hello
[2025-05-18T17:50:12.631+0000] {standard_task_runner.py:63} INFO - Started process 215 to run task
[2025-05-18T17:50:12.648+0000] {logging_mixin.py:188} WARNING - /home/***/.local/lib/python3.12/site-packages/***/settings.py:195 DeprecationWarning: The sql_alchemy_conn option in [core] has been moved to the sql_alchemy_conn option in [database] - the old setting has been used, but please update your config.
[2025-05-18T17:50:12.695+0000] {task_command.py:426} INFO - Running <TaskInstance: hello_ramon_airflow.print_hello manual__2025-05-18T17:50:11.745963+00:00 [running]> on host 22ffd2672a93
[2025-05-18T17:50:12.805+0000] {taskinstance.py:2648} INFO - Exporting env vars: AIRFLOW_CTX_DAG_OWNER='***' AIRFLOW_CTX_DAG_ID='hello_ramon_***' AIRFLOW_CTX_TASK_ID='print_hello' AIRFLOW_CTX_EXECUTION_DATE='2025-05-18T17:50:11.745963+00:00' AIRFLOW_CTX_TRY_NUMBER='1' AIRFLOW_CTX_DAG_RUN_ID='manual__2025-05-18T17:50:11.745963+00:00'
[2025-05-18T17:50:12.806+0000] {taskinstance.py:430} INFO - ::endgroup::
[2025-05-18T17:50:12.847+0000] {logging_mixin.py:188} INFO - Ramon Santos! Airflow está rodando!
[2025-05-18T17:50:12.848+0000] {python.py:237} INFO - Done. Returned value was: None
[2025-05-18T17:50:12.849+0000] {taskinstance.py:441} INFO - ::group::Post task execution logs
[2025-05-18T17:50:12.862+0000] {taskinstance.py:1206} INFO - Marking task as SUCCESS. dag_id=hello_ramon_***, task_id=print_hello, run_id=manual__2025-05-18T17:50:11.745963+00:00, execution_date=20250518T175011, start_date=20250518T175012, end_date=20250518T175012
[2025-05-18T17:50:12.886+0000] {local_task_job_runner.py:240} INFO - Task exited with return code 0
[2025-05-18T17:50:12.906+0000] {taskinstance.py:3498} INFO - 0 downstream tasks scheduled from follow-on schedule check
[2025-05-18T17:50:12.908+0000] {local_task_job_runner.py:222} INFO - ::endgroup::
