[2025-05-18T17:53:28.145+0000] {local_task_job_runner.py:120} INFO - ::group::Pre task execution logs
[2025-05-18T17:53:28.183+0000] {taskinstance.py:2076} INFO - Dependencies all met for dep_context=non-requeueable deps ti=<TaskInstance: f1_DataEngineer_airflow.print_hello scheduled__2025-05-17T00:00:00+00:00 [queued]>
[2025-05-18T17:53:28.195+0000] {taskinstance.py:2076} INFO - Dependencies all met for dep_context=requeueable deps ti=<TaskInstance: f1_DataEngineer_airflow.print_hello scheduled__2025-05-17T00:00:00+00:00 [queued]>
[2025-05-18T17:53:28.196+0000] {taskinstance.py:2306} INFO - Starting attempt 1 of 1
[2025-05-18T17:53:28.214+0000] {taskinstance.py:2330} INFO - Executing <Task(PythonOperator): print_hello> on 2025-05-17 00:00:00+00:00
[2025-05-18T17:53:28.222+0000] {logging_mixin.py:188} WARNING - /home/***/.local/lib/python3.12/site-packages/***/task/task_runner/standard_task_runner.py:61 DeprecationWarning: This process (pid=273) is multi-threaded, use of fork() may lead to deadlocks in the child.
[2025-05-18T17:53:28.223+0000] {standard_task_runner.py:63} INFO - Started process 274 to run task
[2025-05-18T17:53:28.221+0000] {standard_task_runner.py:90} INFO - Running: ['***', 'tasks', 'run', 'f1_DataEngineer_***', 'print_hello', 'scheduled__2025-05-17T00:00:00+00:00', '--job-id', '4', '--raw', '--subdir', 'DAGS_FOLDER/pipeline_dag.py', '--cfg-path', '/tmp/tmpbpceh2es']
[2025-05-18T17:53:28.224+0000] {standard_task_runner.py:91} INFO - Job 4: Subtask print_hello
[2025-05-18T17:53:28.243+0000] {logging_mixin.py:188} WARNING - /home/***/.local/lib/python3.12/site-packages/***/settings.py:195 DeprecationWarning: The sql_alchemy_conn option in [core] has been moved to the sql_alchemy_conn option in [database] - the old setting has been used, but please update your config.
[2025-05-18T17:53:28.285+0000] {task_command.py:426} INFO - Running <TaskInstance: f1_DataEngineer_airflow.print_hello scheduled__2025-05-17T00:00:00+00:00 [running]> on host 22ffd2672a93
[2025-05-18T17:53:28.383+0000] {taskinstance.py:2648} INFO - Exporting env vars: AIRFLOW_CTX_DAG_OWNER='***' AIRFLOW_CTX_DAG_ID='f1_DataEngineer_***' AIRFLOW_CTX_TASK_ID='print_hello' AIRFLOW_CTX_EXECUTION_DATE='2025-05-17T00:00:00+00:00' AIRFLOW_CTX_TRY_NUMBER='1' AIRFLOW_CTX_DAG_RUN_ID='scheduled__2025-05-17T00:00:00+00:00'
[2025-05-18T17:53:28.384+0000] {taskinstance.py:430} INFO - ::endgroup::
[2025-05-18T17:53:28.399+0000] {logging_mixin.py:188} INFO - Ramon Santos! Airflow está rodando!
[2025-05-18T17:53:28.400+0000] {python.py:237} INFO - Done. Returned value was: None
[2025-05-18T17:53:28.400+0000] {taskinstance.py:441} INFO - ::group::Post task execution logs
[2025-05-18T17:53:28.411+0000] {taskinstance.py:1206} INFO - Marking task as SUCCESS. dag_id=f1_DataEngineer_***, task_id=print_hello, run_id=scheduled__2025-05-17T00:00:00+00:00, execution_date=20250517T000000, start_date=20250518T175328, end_date=20250518T175328
[2025-05-18T17:53:28.438+0000] {local_task_job_runner.py:240} INFO - Task exited with return code 0
[2025-05-18T17:53:28.455+0000] {taskinstance.py:3498} INFO - 0 downstream tasks scheduled from follow-on schedule check
[2025-05-18T17:53:28.457+0000] {local_task_job_runner.py:222} INFO - ::endgroup::
