[2025-05-18T17:51:54.453+0000] {local_task_job_runner.py:120} INFO - ::group::Pre task execution logs
[2025-05-18T17:51:54.501+0000] {taskinstance.py:2076} INFO - Dependencies all met for dep_context=non-requeueable deps ti=<TaskInstance: f1_DataEngineer_airflow.print_hello manual__2025-05-18T17:51:54.056234+00:00 [queued]>
[2025-05-18T17:51:54.513+0000] {taskinstance.py:2076} INFO - Dependencies all met for dep_context=requeueable deps ti=<TaskInstance: f1_DataEngineer_airflow.print_hello manual__2025-05-18T17:51:54.056234+00:00 [queued]>
[2025-05-18T17:51:54.514+0000] {taskinstance.py:2306} INFO - Starting attempt 1 of 1
[2025-05-18T17:51:54.532+0000] {taskinstance.py:2330} INFO - Executing <Task(PythonOperator): print_hello> on 2025-05-18 17:51:54.056234+00:00
[2025-05-18T17:51:54.540+0000] {logging_mixin.py:188} WARNING - /home/***/.local/lib/python3.12/site-packages/***/task/task_runner/standard_task_runner.py:61 DeprecationWarning: This process (pid=251) is multi-threaded, use of fork() may lead to deadlocks in the child.
[2025-05-18T17:51:54.539+0000] {standard_task_runner.py:90} INFO - Running: ['***', 'tasks', 'run', 'f1_DataEngineer_***', 'print_hello', 'manual__2025-05-18T17:51:54.056234+00:00', '--job-id', '3', '--raw', '--subdir', 'DAGS_FOLDER/pipeline_dag.py', '--cfg-path', '/tmp/tmpm508jmqr']
[2025-05-18T17:51:54.541+0000] {standard_task_runner.py:63} INFO - Started process 252 to run task
[2025-05-18T17:51:54.542+0000] {standard_task_runner.py:91} INFO - Job 3: Subtask print_hello
[2025-05-18T17:51:54.559+0000] {logging_mixin.py:188} WARNING - /home/***/.local/lib/python3.12/site-packages/***/settings.py:195 DeprecationWarning: The sql_alchemy_conn option in [core] has been moved to the sql_alchemy_conn option in [database] - the old setting has been used, but please update your config.
[2025-05-18T17:51:54.615+0000] {task_command.py:426} INFO - Running <TaskInstance: f1_DataEngineer_airflow.print_hello manual__2025-05-18T17:51:54.056234+00:00 [running]> on host 22ffd2672a93
[2025-05-18T17:51:54.744+0000] {taskinstance.py:2648} INFO - Exporting env vars: AIRFLOW_CTX_DAG_OWNER='***' AIRFLOW_CTX_DAG_ID='f1_DataEngineer_***' AIRFLOW_CTX_TASK_ID='print_hello' AIRFLOW_CTX_EXECUTION_DATE='2025-05-18T17:51:54.056234+00:00' AIRFLOW_CTX_TRY_NUMBER='1' AIRFLOW_CTX_DAG_RUN_ID='manual__2025-05-18T17:51:54.056234+00:00'
[2025-05-18T17:51:54.745+0000] {taskinstance.py:430} INFO - ::endgroup::
[2025-05-18T17:51:54.762+0000] {logging_mixin.py:188} INFO - Ramon Santos! Airflow está rodando!
[2025-05-18T17:51:54.763+0000] {python.py:237} INFO - Done. Returned value was: None
[2025-05-18T17:51:54.764+0000] {taskinstance.py:441} INFO - ::group::Post task execution logs
[2025-05-18T17:51:54.775+0000] {taskinstance.py:1206} INFO - Marking task as SUCCESS. dag_id=f1_DataEngineer_***, task_id=print_hello, run_id=manual__2025-05-18T17:51:54.056234+00:00, execution_date=20250518T175154, start_date=20250518T175154, end_date=20250518T175154
[2025-05-18T17:51:54.796+0000] {local_task_job_runner.py:240} INFO - Task exited with return code 0
[2025-05-18T17:51:54.816+0000] {taskinstance.py:3498} INFO - 0 downstream tasks scheduled from follow-on schedule check
[2025-05-18T17:51:54.818+0000] {local_task_job_runner.py:222} INFO - ::endgroup::
